01-03 15:06:52 com_github_MitjaNemec_PlaceFootprints.action_place_footprints 674:Plugin executed on: 'win32'
01-03 15:06:52 com_github_MitjaNemec_PlaceFootprints.action_place_footprints 675:Plugin executed with python version: '3.11.5 (main, Sep 17 2025, 01:04:48) [MSC v.1944 64 bit (AMD64)]'
01-03 15:06:52 com_github_MitjaNemec_PlaceFootprints.action_place_footprints 676:KiCad build version: 9.0.6
01-03 15:06:52 com_github_MitjaNemec_PlaceFootprints.action_place_footprints 677:Plugin version: 4.0.1
01-03 15:06:52 com_github_MitjaNemec_PlaceFootprints.action_place_footprints 678:Frame repr: <wx._core.Frame object at 0x000001C10C7AC4C0>
01-03 15:06:52 com_github_MitjaNemec_PlaceFootprints.place_footprints 121:getting a list of all footprints on board
01-03 15:06:52 com_github_MitjaNemec_PlaceFootprints.place_footprints 156:Footprint U4 on root level
01-03 15:06:52 com_github_MitjaNemec_PlaceFootprints.place_footprints 156:Footprint U3 on root level
01-03 15:06:52 com_github_MitjaNemec_PlaceFootprints.place_footprints 156:Footprint U2 on root level
01-03 15:06:52 com_github_MitjaNemec_PlaceFootprints.place_footprints 156:Footprint U1 on root level
01-03 15:06:52 com_github_MitjaNemec_PlaceFootprints.place_footprints 156:Footprint J1 on root level
01-03 15:06:52 com_github_MitjaNemec_PlaceFootprints.place_footprints 156:Footprint H4 on root level
01-03 15:06:52 com_github_MitjaNemec_PlaceFootprints.place_footprints 156:Footprint H3 on root level
01-03 15:06:52 com_github_MitjaNemec_PlaceFootprints.place_footprints 156:Footprint H2 on root level
01-03 15:06:52 com_github_MitjaNemec_PlaceFootprints.place_footprints 156:Footprint H1 on root level
01-03 15:06:52 com_github_MitjaNemec_PlaceFootprints.place_footprints 156:Footprint D4 on root level
01-03 15:06:52 com_github_MitjaNemec_PlaceFootprints.place_footprints 156:Footprint D3 on root level
01-03 15:06:52 com_github_MitjaNemec_PlaceFootprints.place_footprints 156:Footprint D2 on root level
01-03 15:06:52 com_github_MitjaNemec_PlaceFootprints.place_footprints 156:Footprint D1 on root level
01-03 15:06:52 com_github_MitjaNemec_PlaceFootprints.place_footprints 156:Footprint C5 on root level
01-03 15:06:52 com_github_MitjaNemec_PlaceFootprints.place_footprints 156:Footprint C4 on root level
01-03 15:06:52 com_github_MitjaNemec_PlaceFootprints.place_footprints 156:Footprint C3 on root level
01-03 15:06:52 com_github_MitjaNemec_PlaceFootprints.place_footprints 156:Footprint C2 on root level
01-03 15:06:52 com_github_MitjaNemec_PlaceFootprints.place_footprints 156:Footprint C1 on root level
01-03 15:06:52 com_github_MitjaNemec_PlaceFootprints.place_footprints 156:Footprint G*** on root level
01-03 15:06:52 com_github_MitjaNemec_PlaceFootprints.action_place_footprints 717:Reference footprint='U1'
01-03 15:06:54 com_github_MitjaNemec_PlaceFootprints.action_place_footprints 858:Reference designator is: U
01-03 15:06:54 com_github_MitjaNemec_PlaceFootprints.action_place_footprints 859:Reference number is: 1
01-03 15:06:54 com_github_MitjaNemec_PlaceFootprints.action_place_footprints 891:Sorted and filtered list:
['U1', 'U2', 'U3', 'U4']
01-03 15:06:54 com_github_MitjaNemec_PlaceFootprints.action_place_footprints 376:wx.Colour(240, 240, 240, 255)
