04-21 08:22:24 com_github_MitjaNemec_PlaceFootprints.action_place_footprints 674:Plugin executed on: 'win32'
04-21 08:22:24 com_github_MitjaNemec_PlaceFootprints.action_place_footprints 675:Plugin executed with python version: '3.11.5 (main, Nov  6 2025, 07:48:09) [MSC v.1944 64 bit (AMD64)]'
04-21 08:22:24 com_github_MitjaNemec_PlaceFootprints.action_place_footprints 676:KiCad build version: 9.0.7
04-21 08:22:24 com_github_MitjaNemec_PlaceFootprints.action_place_footprints 677:Plugin version: 4.0.1
04-21 08:22:24 com_github_MitjaNemec_PlaceFootprints.action_place_footprints 678:Frame repr: <wx._core.Frame object at 0x0000021C5B7EB370>
04-21 08:22:24 com_github_MitjaNemec_PlaceFootprints.place_footprints 121:getting a list of all footprints on board
04-21 08:22:24 com_github_MitjaNemec_PlaceFootprints.place_footprints 156:Footprint H4 on root level
04-21 08:22:24 com_github_MitjaNemec_PlaceFootprints.place_footprints 156:Footprint H3 on root level
04-21 08:22:24 com_github_MitjaNemec_PlaceFootprints.place_footprints 156:Footprint H2 on root level
04-21 08:22:24 com_github_MitjaNemec_PlaceFootprints.place_footprints 156:Footprint H1 on root level
04-21 08:22:24 com_github_MitjaNemec_PlaceFootprints.action_place_footprints 717:Reference footprint='H3'
04-21 08:22:25 com_github_MitjaNemec_PlaceFootprints.action_place_footprints 858:Reference designator is: H
04-21 08:22:25 com_github_MitjaNemec_PlaceFootprints.action_place_footprints 859:Reference number is: 3
04-21 08:22:25 com_github_MitjaNemec_PlaceFootprints.action_place_footprints 891:Sorted and filtered list:
['H1', 'H2', 'H3', 'H4']
04-21 08:22:26 com_github_MitjaNemec_PlaceFootprints.action_place_footprints 376:wx.Colour(240, 240, 240, 255)
04-21 08:22:27 com_github_MitjaNemec_PlaceFootprints.action_place_footprints 507:'45'
04-21 08:22:27 com_github_MitjaNemec_PlaceFootprints.action_place_footprints 559:Preparing config for reference circular
04-21 08:22:27 com_github_MitjaNemec_PlaceFootprints.action_place_footprints 573:Saving config file
04-21 08:22:27 com_github_MitjaNemec_PlaceFootprints.action_place_footprints 575:Saved the config file
04-21 08:22:27 com_github_MitjaNemec_PlaceFootprints.action_place_footprints 929:Footprints to place:
['H1', 'H2', 'H3', 'H4']
04-21 08:22:27 com_github_MitjaNemec_PlaceFootprints.place_footprints 359:Starting placing with circular layout
04-21 08:22:27 com_github_MitjaNemec_PlaceFootprints.place_footprints 369:reference footprint position at: VECTOR2I(183200000, 103000000)
04-21 08:22:27 com_github_MitjaNemec_PlaceFootprints.place_footprints 374:rotation center at: (183200000, 148000000.0)
04-21 08:22:27 com_github_MitjaNemec_PlaceFootprints.place_footprints 506:Text of: H3 has property "Keep upright" rotation might not look as intended
04-21 08:22:27 com_github_MitjaNemec_PlaceFootprints.place_footprints 506:Text of: H3 has property "Keep upright" rotation might not look as intended
04-21 08:22:27 com_github_MitjaNemec_PlaceFootprints.place_footprints 506:Text of: H3 has property "Keep upright" rotation might not look as intended
04-21 08:22:27 com_github_MitjaNemec_PlaceFootprints.place_footprints 506:Text of: H3 has property "Keep upright" rotation might not look as intended
04-21 08:22:27 com_github_MitjaNemec_PlaceFootprints.place_footprints 506:Text of: H3 has property "Keep upright" rotation might not look as intended
04-21 08:22:27 com_github_MitjaNemec_PlaceFootprints.place_footprints 506:Text of: H3 has property "Keep upright" rotation might not look as intended
04-21 08:22:27 com_github_MitjaNemec_PlaceFootprints.place_footprints 506:Text of: H3 has property "Keep upright" rotation might not look as intended
04-21 08:22:27 com_github_MitjaNemec_PlaceFootprints.place_footprints 506:Text of: H3 has property "Keep upright" rotation might not look as intended
04-21 08:22:27 com_github_MitjaNemec_PlaceFootprints.place_footprints 506:Text of: H3 has property "Keep upright" rotation might not look as intended
04-21 08:22:27 com_github_MitjaNemec_PlaceFootprints.action_place_footprints 944:Placing complete
